{"asctime": "2025-05-16 13:57:16,329", "levelname": "INFO", "name": "uvicorn.error", "message": "Started server process [39719]", "color_message": "Started server process [\u001b[36m%d\u001b[0m]"}
{"asctime": "2025-05-16 13:57:16,329", "levelname": "INFO", "name": "uvicorn.error", "message": "Waiting for application startup."}
{"asctime": "2025-05-16 13:57:16,347", "levelname": "ERROR", "name": "uvicorn.error", "message": "Traceback (most recent call last):\n  File \"/home/yoshe/GitHub/oikia/back/venv/lib/python3.13/site-packages/tortoise/__init__.py\", line 292, in _discover_models\n    module = importlib.import_module(models_path)\n  File \"/usr/lib/python3.13/importlib/__init__.py\", line 88, in import_module\n    return _bootstrap._gcd_import(name[level:], package, level)\n           ~~~~~~~~~~~~~~~~~~~~~~^^^^^^^^^^^^^^^^^^^^^^^^^^^^^^\n  File \"<frozen importlib._bootstrap>\", line 1387, in _gcd_import\n  File \"<frozen importlib._bootstrap>\", line 1360, in _find_and_load\n  File \"<frozen importlib._bootstrap>\", line 1324, in _find_and_load_unlocked\nModuleNotFoundError: No module named 'models.core'\n\nDuring handling of the above exception, another exception occurred:\n\nTraceback (most recent call last):\n  File \"/home/yoshe/GitHub/oikia/back/venv/lib/python3.13/site-packages/starlette/routing.py\", line 692, in lifespan\n    async with self.lifespan_context(app) as maybe_state:\n               ~~~~~~~~~~~~~~~~~~~~~^^^^^\n  File \"/usr/lib/python3.13/contextlib.py\", line 214, in __aenter__\n    return await anext(self.gen)\n           ^^^^^^^^^^^^^^^^^^^^^\n  File \"/home/yoshe/GitHub/oikia/back/venv/lib/python3.13/site-packages/fastapi/routing.py\", line 133, in merged_lifespan\n    async with original_context(app) as maybe_original_state:\n               ~~~~~~~~~~~~~~~~^^^^^\n  File \"/usr/lib/python3.13/contextlib.py\", line 214, in __aenter__\n    return await anext(self.gen)\n           ^^^^^^^^^^^^^^^^^^^^^\n  File \"/home/yoshe/GitHub/oikia/back/venv/lib/python3.13/site-packages/tortoise/contrib/fastapi/__init__.py\", line 271, in orm_lifespan\n    async with RegisterTortoise(\n               ~~~~~~~~~~~~~~~~^\n        app_instance,\n        ^^^^^^^^^^^^^\n    ...<4 lines>...\n        generate_schemas,\n        ^^^^^^^^^^^^^^^^^\n    ):\n    ^\n  File \"/home/yoshe/GitHub/oikia/back/venv/lib/python3.13/site-packages/tortoise/contrib/fastapi/__init__.py\", line 177, in __aenter__\n    await self.init_orm()\n  File \"/home/yoshe/GitHub/oikia/back/venv/lib/python3.13/site-packages/tortoise/contrib/fastapi/__init__.py\", line 154, in init_orm\n    await Tortoise.init(\n    ...<7 lines>...\n    )\n  File \"/home/yoshe/GitHub/oikia/back/venv/lib/python3.13/site-packages/tortoise/__init__.py\", line 513, in init\n    cls._init_apps(apps_config)\n    ~~~~~~~~~~~~~~^^^^^^^^^^^^^\n  File \"/home/yoshe/GitHub/oikia/back/venv/lib/python3.13/site-packages/tortoise/__init__.py\", line 353, in _init_apps\n    cls.init_models(info[\"models\"], name, _init_relations=False)\n    ~~~~~~~~~~~~~~~^^^^^^^^^^^^^^^^^^^^^^^^^^^^^^^^^^^^^^^^^^^^^\n  File \"/home/yoshe/GitHub/oikia/back/venv/lib/python3.13/site-packages/tortoise/__init__.py\", line 334, in init_models\n    app_models += cls._discover_models(models_path, app_label)\n                  ~~~~~~~~~~~~~~~~~~~~^^^^^^^^^^^^^^^^^^^^^^^^\n  File \"/home/yoshe/GitHub/oikia/back/venv/lib/python3.13/site-packages/tortoise/__init__.py\", line 294, in _discover_models\n    raise ConfigurationError(f'Module \"{models_path}\" not found')\ntortoise.exceptions.ConfigurationError: Module \"models.core\" not found\n"}
{"asctime": "2025-05-16 13:57:16,347", "levelname": "ERROR", "name": "uvicorn.error", "message": "Application startup failed. Exiting."}
{"asctime": "2025-05-16 13:57:48,912", "levelname": "INFO", "name": "uvicorn.error", "message": "Started server process [40034]", "color_message": "Started server process [\u001b[36m%d\u001b[0m]"}
{"asctime": "2025-05-16 13:57:48,912", "levelname": "INFO", "name": "uvicorn.error", "message": "Waiting for application startup."}
{"asctime": "2025-05-16 13:57:48,918", "levelname": "ERROR", "name": "uvicorn.error", "message": "Traceback (most recent call last):\n  File \"/home/yoshe/GitHub/oikia/back/venv/lib/python3.13/site-packages/tortoise/__init__.py\", line 126, in get_related_model\n    return cls.apps[related_app_name][related_model_name]\n           ~~~~~~~~~~~~~~~~~~~~~~~~~~^^^^^^^^^^^^^^^^^^^^\nKeyError: 'Email'\n\nDuring handling of the above exception, another exception occurred:\n\nTraceback (most recent call last):\n  File \"/home/yoshe/GitHub/oikia/back/venv/lib/python3.13/site-packages/starlette/routing.py\", line 692, in lifespan\n    async with self.lifespan_context(app) as maybe_state:\n               ~~~~~~~~~~~~~~~~~~~~~^^^^^\n  File \"/usr/lib/python3.13/contextlib.py\", line 214, in __aenter__\n    return await anext(self.gen)\n           ^^^^^^^^^^^^^^^^^^^^^\n  File \"/home/yoshe/GitHub/oikia/back/venv/lib/python3.13/site-packages/fastapi/routing.py\", line 133, in merged_lifespan\n    async with original_context(app) as maybe_original_state:\n               ~~~~~~~~~~~~~~~~^^^^^\n  File \"/usr/lib/python3.13/contextlib.py\", line 214, in __aenter__\n    return await anext(self.gen)\n           ^^^^^^^^^^^^^^^^^^^^^\n  File \"/home/yoshe/GitHub/oikia/back/venv/lib/python3.13/site-packages/tortoise/contrib/fastapi/__init__.py\", line 271, in orm_lifespan\n    async with RegisterTortoise(\n               ~~~~~~~~~~~~~~~~^\n        app_instance,\n        ^^^^^^^^^^^^^\n    ...<4 lines>...\n        generate_schemas,\n        ^^^^^^^^^^^^^^^^^\n    ):\n    ^\n  File \"/home/yoshe/GitHub/oikia/back/venv/lib/python3.13/site-packages/tortoise/contrib/fastapi/__init__.py\", line 177, in __aenter__\n    await self.init_orm()\n  File \"/home/yoshe/GitHub/oikia/back/venv/lib/python3.13/site-packages/tortoise/contrib/fastapi/__init__.py\", line 154, in init_orm\n    await Tortoise.init(\n    ...<7 lines>...\n    )\n  File \"/home/yoshe/GitHub/oikia/back/venv/lib/python3.13/site-packages/tortoise/__init__.py\", line 513, in init\n    cls._init_apps(apps_config)\n    ~~~~~~~~~~~~~~^^^^^^^^^^^^^\n  File \"/home/yoshe/GitHub/oikia/back/venv/lib/python3.13/site-packages/tortoise/__init__.py\", line 358, in _init_apps\n    cls._init_relations()\n    ~~~~~~~~~~~~~~~~~~~^^\n  File \"/home/yoshe/GitHub/oikia/back/venv/lib/python3.13/site-packages/tortoise/__init__.py\", line 236, in _init_relations\n    init_fk_o2o_field(model, field)\n    ~~~~~~~~~~~~~~~~~^^^^^^^^^^^^^^\n  File \"/home/yoshe/GitHub/oikia/back/venv/lib/python3.13/site-packages/tortoise/__init__.py\", line 159, in init_fk_o2o_field\n    related_model = get_related_model(related_app_name, related_model_name)\n  File \"/home/yoshe/GitHub/oikia/back/venv/lib/python3.13/site-packages/tortoise/__init__.py\", line 134, in get_related_model\n    raise ConfigurationError(\n    ...<2 lines>...\n    )\ntortoise.exceptions.ConfigurationError: No model with name 'Email' registered in app 'models'.\n"}
{"asctime": "2025-05-16 13:57:48,918", "levelname": "ERROR", "name": "uvicorn.error", "message": "Application startup failed. Exiting."}
{"asctime": "2025-05-16 13:57:53,300", "levelname": "INFO", "name": "uvicorn.error", "message": "Started server process [40105]", "color_message": "Started server process [\u001b[36m%d\u001b[0m]"}
{"asctime": "2025-05-16 13:57:53,300", "levelname": "INFO", "name": "uvicorn.error", "message": "Waiting for application startup."}
{"asctime": "2025-05-16 13:57:53,306", "levelname": "ERROR", "name": "uvicorn.error", "message": "Traceback (most recent call last):\n  File \"/home/yoshe/GitHub/oikia/back/venv/lib/python3.13/site-packages/tortoise/__init__.py\", line 126, in get_related_model\n    return cls.apps[related_app_name][related_model_name]\n           ~~~~~~~~~~~~~~~~~~~~~~~~~~^^^^^^^^^^^^^^^^^^^^\nKeyError: 'Email'\n\nDuring handling of the above exception, another exception occurred:\n\nTraceback (most recent call last):\n  File \"/home/yoshe/GitHub/oikia/back/venv/lib/python3.13/site-packages/starlette/routing.py\", line 692, in lifespan\n    async with self.lifespan_context(app) as maybe_state:\n               ~~~~~~~~~~~~~~~~~~~~~^^^^^\n  File \"/usr/lib/python3.13/contextlib.py\", line 214, in __aenter__\n    return await anext(self.gen)\n           ^^^^^^^^^^^^^^^^^^^^^\n  File \"/home/yoshe/GitHub/oikia/back/venv/lib/python3.13/site-packages/fastapi/routing.py\", line 133, in merged_lifespan\n    async with original_context(app) as maybe_original_state:\n               ~~~~~~~~~~~~~~~~^^^^^\n  File \"/usr/lib/python3.13/contextlib.py\", line 214, in __aenter__\n    return await anext(self.gen)\n           ^^^^^^^^^^^^^^^^^^^^^\n  File \"/home/yoshe/GitHub/oikia/back/venv/lib/python3.13/site-packages/tortoise/contrib/fastapi/__init__.py\", line 271, in orm_lifespan\n    async with RegisterTortoise(\n               ~~~~~~~~~~~~~~~~^\n        app_instance,\n        ^^^^^^^^^^^^^\n    ...<4 lines>...\n        generate_schemas,\n        ^^^^^^^^^^^^^^^^^\n    ):\n    ^\n  File \"/home/yoshe/GitHub/oikia/back/venv/lib/python3.13/site-packages/tortoise/contrib/fastapi/__init__.py\", line 177, in __aenter__\n    await self.init_orm()\n  File \"/home/yoshe/GitHub/oikia/back/venv/lib/python3.13/site-packages/tortoise/contrib/fastapi/__init__.py\", line 154, in init_orm\n    await Tortoise.init(\n    ...<7 lines>...\n    )\n  File \"/home/yoshe/GitHub/oikia/back/venv/lib/python3.13/site-packages/tortoise/__init__.py\", line 513, in init\n    cls._init_apps(apps_config)\n    ~~~~~~~~~~~~~~^^^^^^^^^^^^^\n  File \"/home/yoshe/GitHub/oikia/back/venv/lib/python3.13/site-packages/tortoise/__init__.py\", line 358, in _init_apps\n    cls._init_relations()\n    ~~~~~~~~~~~~~~~~~~~^^\n  File \"/home/yoshe/GitHub/oikia/back/venv/lib/python3.13/site-packages/tortoise/__init__.py\", line 236, in _init_relations\n    init_fk_o2o_field(model, field)\n    ~~~~~~~~~~~~~~~~~^^^^^^^^^^^^^^\n  File \"/home/yoshe/GitHub/oikia/back/venv/lib/python3.13/site-packages/tortoise/__init__.py\", line 159, in init_fk_o2o_field\n    related_model = get_related_model(related_app_name, related_model_name)\n  File \"/home/yoshe/GitHub/oikia/back/venv/lib/python3.13/site-packages/tortoise/__init__.py\", line 134, in get_related_model\n    raise ConfigurationError(\n    ...<2 lines>...\n    )\ntortoise.exceptions.ConfigurationError: No model with name 'Email' registered in app 'models'.\n"}
{"asctime": "2025-05-16 13:57:53,306", "levelname": "ERROR", "name": "uvicorn.error", "message": "Application startup failed. Exiting."}
{"asctime": "2025-05-16 14:00:06,255", "levelname": "INFO", "name": "uvicorn.error", "message": "Started server process [41349]", "color_message": "Started server process [\u001b[36m%d\u001b[0m]"}
{"asctime": "2025-05-16 14:00:06,255", "levelname": "INFO", "name": "uvicorn.error", "message": "Waiting for application startup."}
{"asctime": "2025-05-16 14:00:06,261", "levelname": "ERROR", "name": "uvicorn.error", "message": "Traceback (most recent call last):\n  File \"/home/yoshe/GitHub/oikia/back/venv/lib/python3.13/site-packages/tortoise/__init__.py\", line 126, in get_related_model\n    return cls.apps[related_app_name][related_model_name]\n           ~~~~~~~~~~~~~~~~~~~~~~~~~~^^^^^^^^^^^^^^^^^^^^\nKeyError: 'Email'\n\nDuring handling of the above exception, another exception occurred:\n\nTraceback (most recent call last):\n  File \"/home/yoshe/GitHub/oikia/back/venv/lib/python3.13/site-packages/starlette/routing.py\", line 692, in lifespan\n    async with self.lifespan_context(app) as maybe_state:\n               ~~~~~~~~~~~~~~~~~~~~~^^^^^\n  File \"/usr/lib/python3.13/contextlib.py\", line 214, in __aenter__\n    return await anext(self.gen)\n           ^^^^^^^^^^^^^^^^^^^^^\n  File \"/home/yoshe/GitHub/oikia/back/venv/lib/python3.13/site-packages/fastapi/routing.py\", line 133, in merged_lifespan\n    async with original_context(app) as maybe_original_state:\n               ~~~~~~~~~~~~~~~~^^^^^\n  File \"/usr/lib/python3.13/contextlib.py\", line 214, in __aenter__\n    return await anext(self.gen)\n           ^^^^^^^^^^^^^^^^^^^^^\n  File \"/home/yoshe/GitHub/oikia/back/venv/lib/python3.13/site-packages/tortoise/contrib/fastapi/__init__.py\", line 271, in orm_lifespan\n    async with RegisterTortoise(\n               ~~~~~~~~~~~~~~~~^\n        app_instance,\n        ^^^^^^^^^^^^^\n    ...<4 lines>...\n        generate_schemas,\n        ^^^^^^^^^^^^^^^^^\n    ):\n    ^\n  File \"/home/yoshe/GitHub/oikia/back/venv/lib/python3.13/site-packages/tortoise/contrib/fastapi/__init__.py\", line 177, in __aenter__\n    await self.init_orm()\n  File \"/home/yoshe/GitHub/oikia/back/venv/lib/python3.13/site-packages/tortoise/contrib/fastapi/__init__.py\", line 154, in init_orm\n    await Tortoise.init(\n    ...<7 lines>...\n    )\n  File \"/home/yoshe/GitHub/oikia/back/venv/lib/python3.13/site-packages/tortoise/__init__.py\", line 513, in init\n    cls._init_apps(apps_config)\n    ~~~~~~~~~~~~~~^^^^^^^^^^^^^\n  File \"/home/yoshe/GitHub/oikia/back/venv/lib/python3.13/site-packages/tortoise/__init__.py\", line 358, in _init_apps\n    cls._init_relations()\n    ~~~~~~~~~~~~~~~~~~~^^\n  File \"/home/yoshe/GitHub/oikia/back/venv/lib/python3.13/site-packages/tortoise/__init__.py\", line 236, in _init_relations\n    init_fk_o2o_field(model, field)\n    ~~~~~~~~~~~~~~~~~^^^^^^^^^^^^^^\n  File \"/home/yoshe/GitHub/oikia/back/venv/lib/python3.13/site-packages/tortoise/__init__.py\", line 159, in init_fk_o2o_field\n    related_model = get_related_model(related_app_name, related_model_name)\n  File \"/home/yoshe/GitHub/oikia/back/venv/lib/python3.13/site-packages/tortoise/__init__.py\", line 134, in get_related_model\n    raise ConfigurationError(\n    ...<2 lines>...\n    )\ntortoise.exceptions.ConfigurationError: No model with name 'Email' registered in app 'models'.\n"}
{"asctime": "2025-05-16 14:00:06,262", "levelname": "ERROR", "name": "uvicorn.error", "message": "Application startup failed. Exiting."}
{"asctime": "2025-05-16 14:04:18,477", "levelname": "INFO", "name": "uvicorn.error", "message": "Started server process [43181]", "color_message": "Started server process [\u001b[36m%d\u001b[0m]"}
{"asctime": "2025-05-16 14:04:18,477", "levelname": "INFO", "name": "uvicorn.error", "message": "Waiting for application startup."}
{"asctime": "2025-05-16 14:04:18,643", "levelname": "ERROR", "name": "uvicorn.error", "message": "Traceback (most recent call last):\n  File \"/home/yoshe/GitHub/oikia/back/venv/lib/python3.13/site-packages/tortoise/__init__.py\", line 126, in get_related_model\n    return cls.apps[related_app_name][related_model_name]\n           ~~~~~~~~~~~~~~~~~~~~~~~~~~^^^^^^^^^^^^^^^^^^^^\nKeyError: 'Asset'\n\nDuring handling of the above exception, another exception occurred:\n\nTraceback (most recent call last):\n  File \"/home/yoshe/GitHub/oikia/back/venv/lib/python3.13/site-packages/starlette/routing.py\", line 692, in lifespan\n    async with self.lifespan_context(app) as maybe_state:\n               ~~~~~~~~~~~~~~~~~~~~~^^^^^\n  File \"/usr/lib/python3.13/contextlib.py\", line 214, in __aenter__\n    return await anext(self.gen)\n           ^^^^^^^^^^^^^^^^^^^^^\n  File \"/home/yoshe/GitHub/oikia/back/venv/lib/python3.13/site-packages/fastapi/routing.py\", line 133, in merged_lifespan\n    async with original_context(app) as maybe_original_state:\n               ~~~~~~~~~~~~~~~~^^^^^\n  File \"/usr/lib/python3.13/contextlib.py\", line 214, in __aenter__\n    return await anext(self.gen)\n           ^^^^^^^^^^^^^^^^^^^^^\n  File \"/home/yoshe/GitHub/oikia/back/venv/lib/python3.13/site-packages/tortoise/contrib/fastapi/__init__.py\", line 271, in orm_lifespan\n    async with RegisterTortoise(\n               ~~~~~~~~~~~~~~~~^\n        app_instance,\n        ^^^^^^^^^^^^^\n    ...<4 lines>...\n        generate_schemas,\n        ^^^^^^^^^^^^^^^^^\n    ):\n    ^\n  File \"/home/yoshe/GitHub/oikia/back/venv/lib/python3.13/site-packages/tortoise/contrib/fastapi/__init__.py\", line 177, in __aenter__\n    await self.init_orm()\n  File \"/home/yoshe/GitHub/oikia/back/venv/lib/python3.13/site-packages/tortoise/contrib/fastapi/__init__.py\", line 154, in init_orm\n    await Tortoise.init(\n    ...<7 lines>...\n    )\n  File \"/home/yoshe/GitHub/oikia/back/venv/lib/python3.13/site-packages/tortoise/__init__.py\", line 513, in init\n    cls._init_apps(apps_config)\n    ~~~~~~~~~~~~~~^^^^^^^^^^^^^\n  File \"/home/yoshe/GitHub/oikia/back/venv/lib/python3.13/site-packages/tortoise/__init__.py\", line 358, in _init_apps\n    cls._init_relations()\n    ~~~~~~~~~~~~~~~~~~~^^\n  File \"/home/yoshe/GitHub/oikia/back/venv/lib/python3.13/site-packages/tortoise/__init__.py\", line 253, in _init_relations\n    related_model = get_related_model(related_app_name, related_model_name)\n  File \"/home/yoshe/GitHub/oikia/back/venv/lib/python3.13/site-packages/tortoise/__init__.py\", line 134, in get_related_model\n    raise ConfigurationError(\n    ...<2 lines>...\n    )\ntortoise.exceptions.ConfigurationError: No model with name 'Asset' registered in app 'models'.\n"}
{"asctime": "2025-05-16 14:04:18,643", "levelname": "ERROR", "name": "uvicorn.error", "message": "Application startup failed. Exiting."}
{"asctime": "2025-05-16 14:04:41,409", "levelname": "INFO", "name": "uvicorn.error", "message": "Started server process [43469]", "color_message": "Started server process [\u001b[36m%d\u001b[0m]"}
{"asctime": "2025-05-16 14:04:41,409", "levelname": "INFO", "name": "uvicorn.error", "message": "Waiting for application startup."}
{"asctime": "2025-05-16 14:04:41,527", "levelname": "INFO", "name": "uvicorn.error", "message": "Application startup complete."}
{"asctime": "2025-05-16 14:12:56,970", "levelname": "INFO", "name": "uvicorn.error", "message": "Shutting down"}
{"asctime": "2025-05-16 14:12:57,071", "levelname": "INFO", "name": "uvicorn.error", "message": "Waiting for application shutdown."}
{"asctime": "2025-05-16 14:12:57,072", "levelname": "INFO", "name": "uvicorn.error", "message": "Application shutdown complete."}
{"asctime": "2025-05-16 14:12:57,072", "levelname": "INFO", "name": "uvicorn.error", "message": "Finished server process [43469]", "color_message": "Finished server process [\u001b[36m%d\u001b[0m]"}
{"asctime": "2025-05-16 14:14:02,792", "levelname": "INFO", "name": "uvicorn.error", "message": "Started server process [47212]", "color_message": "Started server process [\u001b[36m%d\u001b[0m]"}
{"asctime": "2025-05-16 14:14:02,792", "levelname": "INFO", "name": "uvicorn.error", "message": "Waiting for application startup."}
{"asctime": "2025-05-16 14:14:02,863", "levelname": "INFO", "name": "uvicorn.error", "message": "Application startup complete."}
{"asctime": "2025-05-16 14:14:06,811", "levelname": "INFO", "name": "uvicorn.error", "message": "Shutting down"}
{"asctime": "2025-05-16 14:14:06,912", "levelname": "INFO", "name": "uvicorn.error", "message": "Waiting for application shutdown."}
{"asctime": "2025-05-16 14:14:06,913", "levelname": "INFO", "name": "uvicorn.error", "message": "Application shutdown complete."}
{"asctime": "2025-05-16 14:14:06,913", "levelname": "INFO", "name": "uvicorn.error", "message": "Finished server process [47212]", "color_message": "Finished server process [\u001b[36m%d\u001b[0m]"}
{"asctime": "2025-05-16 14:14:47,996", "levelname": "INFO", "name": "uvicorn.error", "message": "Started server process [47577]", "color_message": "Started server process [\u001b[36m%d\u001b[0m]"}
{"asctime": "2025-05-16 14:14:47,997", "levelname": "INFO", "name": "uvicorn.error", "message": "Waiting for application startup."}
{"asctime": "2025-05-16 14:14:48,108", "levelname": "INFO", "name": "uvicorn.error", "message": "Application startup complete."}
{"asctime": "2025-05-16 14:15:48,105", "levelname": "INFO", "name": "uvicorn.error", "message": "Shutting down"}
{"asctime": "2025-05-16 14:15:48,206", "levelname": "INFO", "name": "uvicorn.error", "message": "Waiting for application shutdown."}
{"asctime": "2025-05-16 14:15:48,207", "levelname": "INFO", "name": "uvicorn.error", "message": "Application shutdown complete."}
{"asctime": "2025-05-16 14:15:48,207", "levelname": "INFO", "name": "uvicorn.error", "message": "Finished server process [47577]", "color_message": "Finished server process [\u001b[36m%d\u001b[0m]"}
{"asctime": "2025-05-16 14:15:48,629", "levelname": "INFO", "name": "uvicorn.error", "message": "Started server process [48037]", "color_message": "Started server process [\u001b[36m%d\u001b[0m]"}
{"asctime": "2025-05-16 14:15:48,630", "levelname": "INFO", "name": "uvicorn.error", "message": "Waiting for application startup."}
{"asctime": "2025-05-16 14:15:48,717", "levelname": "INFO", "name": "uvicorn.error", "message": "Application startup complete."}
{"asctime": "2025-05-16 14:16:01,110", "levelname": "INFO", "name": "uvicorn.error", "message": "Shutting down"}
{"asctime": "2025-05-16 14:16:01,210", "levelname": "INFO", "name": "uvicorn.error", "message": "Waiting for application shutdown."}
{"asctime": "2025-05-16 14:16:01,212", "levelname": "INFO", "name": "uvicorn.error", "message": "Application shutdown complete."}
{"asctime": "2025-05-16 14:16:01,212", "levelname": "INFO", "name": "uvicorn.error", "message": "Finished server process [48037]", "color_message": "Finished server process [\u001b[36m%d\u001b[0m]"}
{"asctime": "2025-05-16 14:16:01,643", "levelname": "INFO", "name": "uvicorn.error", "message": "Started server process [48209]", "color_message": "Started server process [\u001b[36m%d\u001b[0m]"}
{"asctime": "2025-05-16 14:16:01,643", "levelname": "INFO", "name": "uvicorn.error", "message": "Waiting for application startup."}
{"asctime": "2025-05-16 14:16:01,727", "levelname": "INFO", "name": "uvicorn.error", "message": "Application startup complete."}
{"asctime": "2025-05-16 14:16:08,277", "levelname": "INFO", "name": "uvicorn.error", "message": "Shutting down"}
{"asctime": "2025-05-16 14:16:08,378", "levelname": "INFO", "name": "uvicorn.error", "message": "Waiting for application shutdown."}
{"asctime": "2025-05-16 14:16:08,379", "levelname": "INFO", "name": "uvicorn.error", "message": "Application shutdown complete."}
{"asctime": "2025-05-16 14:16:08,379", "levelname": "INFO", "name": "uvicorn.error", "message": "Finished server process [48209]", "color_message": "Finished server process [\u001b[36m%d\u001b[0m]"}
{"asctime": "2025-05-16 14:16:08,712", "levelname": "INFO", "name": "uvicorn.error", "message": "Started server process [48331]", "color_message": "Started server process [\u001b[36m%d\u001b[0m]"}
{"asctime": "2025-05-16 14:16:08,712", "levelname": "INFO", "name": "uvicorn.error", "message": "Waiting for application startup."}
{"asctime": "2025-05-16 14:16:08,779", "levelname": "INFO", "name": "uvicorn.error", "message": "Application startup complete."}
{"asctime": "2025-05-16 14:16:10,021", "levelname": "INFO", "name": "uvicorn.error", "message": "Shutting down"}
{"asctime": "2025-05-16 14:16:10,121", "levelname": "INFO", "name": "uvicorn.error", "message": "Waiting for application shutdown."}
{"asctime": "2025-05-16 14:16:10,122", "levelname": "INFO", "name": "uvicorn.error", "message": "Application shutdown complete."}
{"asctime": "2025-05-16 14:16:10,123", "levelname": "INFO", "name": "uvicorn.error", "message": "Finished server process [48331]", "color_message": "Finished server process [\u001b[36m%d\u001b[0m]"}
{"asctime": "2025-05-16 14:16:10,434", "levelname": "INFO", "name": "uvicorn.error", "message": "Started server process [48361]", "color_message": "Started server process [\u001b[36m%d\u001b[0m]"}
{"asctime": "2025-05-16 14:16:10,434", "levelname": "INFO", "name": "uvicorn.error", "message": "Waiting for application startup."}
{"asctime": "2025-05-16 14:16:10,498", "levelname": "INFO", "name": "uvicorn.error", "message": "Application startup complete."}
{"asctime": "2025-05-16 14:16:25,057", "levelname": "INFO", "name": "uvicorn.error", "message": "Shutting down"}
{"asctime": "2025-05-16 14:16:25,158", "levelname": "INFO", "name": "uvicorn.error", "message": "Waiting for application shutdown."}
{"asctime": "2025-05-16 14:16:25,160", "levelname": "INFO", "name": "uvicorn.error", "message": "Application shutdown complete."}
{"asctime": "2025-05-16 14:16:25,160", "levelname": "INFO", "name": "uvicorn.error", "message": "Finished server process [48361]", "color_message": "Finished server process [\u001b[36m%d\u001b[0m]"}
{"asctime": "2025-05-16 14:16:25,632", "levelname": "INFO", "name": "uvicorn.error", "message": "Started server process [48526]", "color_message": "Started server process [\u001b[36m%d\u001b[0m]"}
{"asctime": "2025-05-16 14:16:25,633", "levelname": "INFO", "name": "uvicorn.error", "message": "Waiting for application startup."}
{"asctime": "2025-05-16 14:16:25,729", "levelname": "INFO", "name": "uvicorn.error", "message": "Application startup complete."}
{"asctime": "2025-05-16 14:16:51,007", "levelname": "INFO", "name": "uvicorn.error", "message": "Shutting down"}
{"asctime": "2025-05-16 14:16:51,108", "levelname": "INFO", "name": "uvicorn.error", "message": "Waiting for application shutdown."}
{"asctime": "2025-05-16 14:16:51,109", "levelname": "INFO", "name": "uvicorn.error", "message": "Application shutdown complete."}
{"asctime": "2025-05-16 14:16:51,109", "levelname": "INFO", "name": "uvicorn.error", "message": "Finished server process [48526]", "color_message": "Finished server process [\u001b[36m%d\u001b[0m]"}
{"asctime": "2025-05-16 14:16:51,571", "levelname": "INFO", "name": "uvicorn.error", "message": "Started server process [48846]", "color_message": "Started server process [\u001b[36m%d\u001b[0m]"}
{"asctime": "2025-05-16 14:16:51,571", "levelname": "INFO", "name": "uvicorn.error", "message": "Waiting for application startup."}
{"asctime": "2025-05-16 14:16:51,654", "levelname": "INFO", "name": "uvicorn.error", "message": "Application startup complete."}
{"asctime": "2025-05-16 14:16:55,782", "levelname": "INFO", "name": "uvicorn.error", "message": "Shutting down"}
{"asctime": "2025-05-16 14:16:55,882", "levelname": "INFO", "name": "uvicorn.error", "message": "Waiting for application shutdown."}
{"asctime": "2025-05-16 14:16:55,883", "levelname": "INFO", "name": "uvicorn.error", "message": "Application shutdown complete."}
{"asctime": "2025-05-16 14:16:55,884", "levelname": "INFO", "name": "uvicorn.error", "message": "Finished server process [48846]", "color_message": "Finished server process [\u001b[36m%d\u001b[0m]"}
{"asctime": "2025-05-16 14:16:56,254", "levelname": "INFO", "name": "uvicorn.error", "message": "Started server process [48926]", "color_message": "Started server process [\u001b[36m%d\u001b[0m]"}
{"asctime": "2025-05-16 14:16:56,254", "levelname": "INFO", "name": "uvicorn.error", "message": "Waiting for application startup."}
{"asctime": "2025-05-16 14:16:56,332", "levelname": "INFO", "name": "uvicorn.error", "message": "Application startup complete."}
{"asctime": "2025-05-16 14:17:01,172", "levelname": "INFO", "name": "uvicorn.error", "message": "Shutting down"}
{"asctime": "2025-05-16 14:17:01,273", "levelname": "INFO", "name": "uvicorn.error", "message": "Waiting for application shutdown."}
{"asctime": "2025-05-16 14:17:01,274", "levelname": "INFO", "name": "uvicorn.error", "message": "Application shutdown complete."}
{"asctime": "2025-05-16 14:17:01,274", "levelname": "INFO", "name": "uvicorn.error", "message": "Finished server process [48926]", "color_message": "Finished server process [\u001b[36m%d\u001b[0m]"}
{"asctime": "2025-05-16 14:17:01,729", "levelname": "INFO", "name": "uvicorn.error", "message": "Started server process [49033]", "color_message": "Started server process [\u001b[36m%d\u001b[0m]"}
{"asctime": "2025-05-16 14:17:01,729", "levelname": "INFO", "name": "uvicorn.error", "message": "Waiting for application startup."}
{"asctime": "2025-05-16 14:17:01,805", "levelname": "INFO", "name": "uvicorn.error", "message": "Application startup complete."}
{"asctime": "2025-05-16 14:21:08,668", "levelname": "INFO", "name": "uvicorn.error", "message": "Shutting down"}
{"asctime": "2025-05-16 14:21:08,768", "levelname": "INFO", "name": "uvicorn.error", "message": "Waiting for application shutdown."}
{"asctime": "2025-05-16 14:21:08,769", "levelname": "INFO", "name": "uvicorn.error", "message": "Application shutdown complete."}
{"asctime": "2025-05-16 14:21:08,769", "levelname": "INFO", "name": "uvicorn.error", "message": "Finished server process [49033]", "color_message": "Finished server process [\u001b[36m%d\u001b[0m]"}
{"asctime": "2025-05-16 14:21:09,142", "levelname": "INFO", "name": "uvicorn.error", "message": "Started server process [51251]", "color_message": "Started server process [\u001b[36m%d\u001b[0m]"}
{"asctime": "2025-05-16 14:21:09,142", "levelname": "INFO", "name": "uvicorn.error", "message": "Waiting for application startup."}
{"asctime": "2025-05-16 14:21:09,213", "levelname": "INFO", "name": "uvicorn.error", "message": "Application startup complete."}
{"asctime": "2025-05-16 14:21:12,824", "levelname": "INFO", "name": "uvicorn.error", "message": "Shutting down"}
{"asctime": "2025-05-16 14:21:12,925", "levelname": "INFO", "name": "uvicorn.error", "message": "Waiting for application shutdown."}
{"asctime": "2025-05-16 14:21:12,926", "levelname": "INFO", "name": "uvicorn.error", "message": "Application shutdown complete."}
{"asctime": "2025-05-16 14:21:12,926", "levelname": "INFO", "name": "uvicorn.error", "message": "Finished server process [51251]", "color_message": "Finished server process [\u001b[36m%d\u001b[0m]"}
{"asctime": "2025-05-16 14:21:13,382", "levelname": "INFO", "name": "uvicorn.error", "message": "Started server process [51341]", "color_message": "Started server process [\u001b[36m%d\u001b[0m]"}
{"asctime": "2025-05-16 14:21:13,383", "levelname": "INFO", "name": "uvicorn.error", "message": "Waiting for application startup."}
{"asctime": "2025-05-16 14:21:13,615", "levelname": "INFO", "name": "uvicorn.error", "message": "Application startup complete."}
{"asctime": "2025-05-16 14:22:28,014", "levelname": "INFO", "name": "uvicorn.error", "message": "Shutting down"}
{"asctime": "2025-05-16 14:22:28,115", "levelname": "INFO", "name": "uvicorn.error", "message": "Waiting for application shutdown."}
{"asctime": "2025-05-16 14:22:28,116", "levelname": "INFO", "name": "uvicorn.error", "message": "Application shutdown complete."}
{"asctime": "2025-05-16 14:22:28,116", "levelname": "INFO", "name": "uvicorn.error", "message": "Finished server process [51341]", "color_message": "Finished server process [\u001b[36m%d\u001b[0m]"}
{"asctime": "2025-05-16 14:22:28,451", "levelname": "INFO", "name": "uvicorn.error", "message": "Started server process [51908]", "color_message": "Started server process [\u001b[36m%d\u001b[0m]"}
{"asctime": "2025-05-16 14:22:28,451", "levelname": "INFO", "name": "uvicorn.error", "message": "Waiting for application startup."}
{"asctime": "2025-05-16 14:22:28,550", "levelname": "INFO", "name": "uvicorn.error", "message": "Application startup complete."}
{"asctime": "2025-05-16 14:22:31,376", "levelname": "INFO", "name": "uvicorn.error", "message": "Shutting down"}
{"asctime": "2025-05-16 14:22:31,478", "levelname": "INFO", "name": "uvicorn.error", "message": "Waiting for application shutdown."}
{"asctime": "2025-05-16 14:22:31,479", "levelname": "INFO", "name": "uvicorn.error", "message": "Application shutdown complete."}
{"asctime": "2025-05-16 14:22:31,479", "levelname": "INFO", "name": "uvicorn.error", "message": "Finished server process [51908]", "color_message": "Finished server process [\u001b[36m%d\u001b[0m]"}
{"asctime": "2025-05-16 14:22:31,876", "levelname": "INFO", "name": "uvicorn.error", "message": "Started server process [51964]", "color_message": "Started server process [\u001b[36m%d\u001b[0m]"}
{"asctime": "2025-05-16 14:22:31,876", "levelname": "INFO", "name": "uvicorn.error", "message": "Waiting for application startup."}
{"asctime": "2025-05-16 14:22:31,978", "levelname": "INFO", "name": "uvicorn.error", "message": "Application startup complete."}
{"asctime": "2025-05-16 14:29:06,296", "levelname": "INFO", "name": "uvicorn.error", "message": "Shutting down"}
{"asctime": "2025-05-16 14:29:06,397", "levelname": "INFO", "name": "uvicorn.error", "message": "Waiting for application shutdown."}
{"asctime": "2025-05-16 14:29:06,398", "levelname": "INFO", "name": "uvicorn.error", "message": "Application shutdown complete."}
{"asctime": "2025-05-16 14:29:06,398", "levelname": "INFO", "name": "uvicorn.error", "message": "Finished server process [51964]", "color_message": "Finished server process [\u001b[36m%d\u001b[0m]"}
{"asctime": "2025-05-16 14:29:06,765", "levelname": "INFO", "name": "uvicorn.error", "message": "Started server process [54436]", "color_message": "Started server process [\u001b[36m%d\u001b[0m]"}
{"asctime": "2025-05-16 14:29:06,765", "levelname": "INFO", "name": "uvicorn.error", "message": "Waiting for application startup."}
{"asctime": "2025-05-16 14:29:06,867", "levelname": "INFO", "name": "uvicorn.error", "message": "Application startup complete."}
{"asctime": "2025-05-16 14:29:42,163", "levelname": "INFO", "name": "uvicorn.error", "message": "Shutting down"}
{"asctime": "2025-05-16 14:29:42,264", "levelname": "INFO", "name": "uvicorn.error", "message": "Waiting for application shutdown."}
{"asctime": "2025-05-16 14:29:42,266", "levelname": "INFO", "name": "uvicorn.error", "message": "Application shutdown complete."}
{"asctime": "2025-05-16 14:29:42,266", "levelname": "INFO", "name": "uvicorn.error", "message": "Finished server process [54436]", "color_message": "Finished server process [\u001b[36m%d\u001b[0m]"}
{"asctime": "2025-05-16 14:29:42,674", "levelname": "INFO", "name": "uvicorn.error", "message": "Started server process [54739]", "color_message": "Started server process [\u001b[36m%d\u001b[0m]"}
{"asctime": "2025-05-16 14:29:42,675", "levelname": "INFO", "name": "uvicorn.error", "message": "Waiting for application startup."}
{"asctime": "2025-05-16 14:29:42,799", "levelname": "INFO", "name": "uvicorn.error", "message": "Application startup complete."}
{"asctime": "2025-05-16 14:32:08,529", "levelname": "INFO", "name": "uvicorn.error", "message": "Shutting down"}
{"asctime": "2025-05-16 14:32:08,629", "levelname": "INFO", "name": "uvicorn.error", "message": "Waiting for application shutdown."}
{"asctime": "2025-05-16 14:32:08,630", "levelname": "INFO", "name": "uvicorn.error", "message": "Application shutdown complete."}
{"asctime": "2025-05-16 14:32:08,630", "levelname": "INFO", "name": "uvicorn.error", "message": "Finished server process [54739]", "color_message": "Finished server process [\u001b[36m%d\u001b[0m]"}
{"asctime": "2025-05-16 14:32:09,035", "levelname": "INFO", "name": "uvicorn.error", "message": "Started server process [55937]", "color_message": "Started server process [\u001b[36m%d\u001b[0m]"}
{"asctime": "2025-05-16 14:32:09,035", "levelname": "INFO", "name": "uvicorn.error", "message": "Waiting for application startup."}
{"asctime": "2025-05-16 14:32:09,141", "levelname": "INFO", "name": "uvicorn.error", "message": "Application startup complete."}
{"asctime": "2025-05-16 14:32:16,482", "levelname": "INFO", "name": "uvicorn.error", "message": "Shutting down"}
{"asctime": "2025-05-16 14:32:16,583", "levelname": "INFO", "name": "uvicorn.error", "message": "Waiting for application shutdown."}
{"asctime": "2025-05-16 14:32:16,584", "levelname": "INFO", "name": "uvicorn.error", "message": "Application shutdown complete."}
{"asctime": "2025-05-16 14:32:16,584", "levelname": "INFO", "name": "uvicorn.error", "message": "Finished server process [55937]", "color_message": "Finished server process [\u001b[36m%d\u001b[0m]"}
{"asctime": "2025-05-16 14:32:16,952", "levelname": "INFO", "name": "uvicorn.error", "message": "Started server process [56041]", "color_message": "Started server process [\u001b[36m%d\u001b[0m]"}
{"asctime": "2025-05-16 14:32:16,952", "levelname": "INFO", "name": "uvicorn.error", "message": "Waiting for application startup."}
{"asctime": "2025-05-16 14:32:17,053", "levelname": "INFO", "name": "uvicorn.error", "message": "Application startup complete."}
{"asctime": "2025-05-16 14:32:31,307", "levelname": "INFO", "name": "uvicorn.error", "message": "Shutting down"}
{"asctime": "2025-05-16 14:32:31,408", "levelname": "INFO", "name": "uvicorn.error", "message": "Waiting for application shutdown."}
{"asctime": "2025-05-16 14:32:31,409", "levelname": "INFO", "name": "uvicorn.error", "message": "Application shutdown complete."}
{"asctime": "2025-05-16 14:32:31,409", "levelname": "INFO", "name": "uvicorn.error", "message": "Finished server process [56041]", "color_message": "Finished server process [\u001b[36m%d\u001b[0m]"}
{"asctime": "2025-05-16 14:32:31,875", "levelname": "INFO", "name": "uvicorn.error", "message": "Started server process [56195]", "color_message": "Started server process [\u001b[36m%d\u001b[0m]"}
{"asctime": "2025-05-16 14:32:31,875", "levelname": "INFO", "name": "uvicorn.error", "message": "Waiting for application startup."}
{"asctime": "2025-05-16 14:32:31,977", "levelname": "INFO", "name": "uvicorn.error", "message": "Application startup complete."}
{"asctime": "2025-05-16 14:32:48,385", "levelname": "INFO", "name": "uvicorn.error", "message": "Shutting down"}
{"asctime": "2025-05-16 14:32:48,486", "levelname": "INFO", "name": "uvicorn.error", "message": "Waiting for application shutdown."}
{"asctime": "2025-05-16 14:32:48,488", "levelname": "INFO", "name": "uvicorn.error", "message": "Application shutdown complete."}
{"asctime": "2025-05-16 14:32:48,489", "levelname": "INFO", "name": "uvicorn.error", "message": "Finished server process [56195]", "color_message": "Finished server process [\u001b[36m%d\u001b[0m]"}
{"asctime": "2025-05-16 14:32:48,931", "levelname": "INFO", "name": "uvicorn.error", "message": "Started server process [56409]", "color_message": "Started server process [\u001b[36m%d\u001b[0m]"}
{"asctime": "2025-05-16 14:32:48,931", "levelname": "INFO", "name": "uvicorn.error", "message": "Waiting for application startup."}
{"asctime": "2025-05-16 14:32:49,031", "levelname": "INFO", "name": "uvicorn.error", "message": "Application startup complete."}
{"asctime": "2025-05-16 14:33:03,470", "levelname": "INFO", "name": "uvicorn.error", "message": "Shutting down"}
{"asctime": "2025-05-16 14:33:03,408", "levelname": "INFO", "name": "uvicorn.error", "message": "Waiting for application shutdown."}
{"asctime": "2025-05-16 14:33:03,410", "levelname": "INFO", "name": "uvicorn.error", "message": "Application shutdown complete."}
{"asctime": "2025-05-16 14:33:03,410", "levelname": "INFO", "name": "uvicorn.error", "message": "Finished server process [56409]", "color_message": "Finished server process [\u001b[36m%d\u001b[0m]"}
{"asctime": "2025-05-16 14:33:03,828", "levelname": "INFO", "name": "uvicorn.error", "message": "Started server process [56597]", "color_message": "Started server process [\u001b[36m%d\u001b[0m]"}
{"asctime": "2025-05-16 14:33:03,828", "levelname": "INFO", "name": "uvicorn.error", "message": "Waiting for application startup."}
{"asctime": "2025-05-16 14:33:03,946", "levelname": "INFO", "name": "uvicorn.error", "message": "Application startup complete."}
{"asctime": "2025-05-16 14:33:46,783", "levelname": "INFO", "name": "uvicorn.error", "message": "Shutting down"}
{"asctime": "2025-05-16 14:33:46,883", "levelname": "INFO", "name": "uvicorn.error", "message": "Waiting for application shutdown."}
{"asctime": "2025-05-16 14:33:46,885", "levelname": "INFO", "name": "uvicorn.error", "message": "Application shutdown complete."}
{"asctime": "2025-05-16 14:33:46,885", "levelname": "INFO", "name": "uvicorn.error", "message": "Finished server process [56597]", "color_message": "Finished server process [\u001b[36m%d\u001b[0m]"}
{"asctime": "2025-05-16 14:33:47,300", "levelname": "INFO", "name": "uvicorn.error", "message": "Started server process [56980]", "color_message": "Started server process [\u001b[36m%d\u001b[0m]"}
{"asctime": "2025-05-16 14:33:47,300", "levelname": "INFO", "name": "uvicorn.error", "message": "Waiting for application startup."}
{"asctime": "2025-05-16 14:33:47,398", "levelname": "INFO", "name": "uvicorn.error", "message": "Application startup complete."}
{"asctime": "2025-05-16 14:34:25,994", "levelname": "INFO", "name": "uvicorn.error", "message": "Shutting down"}
{"asctime": "2025-05-16 14:34:26,094", "levelname": "INFO", "name": "uvicorn.error", "message": "Waiting for application shutdown."}
{"asctime": "2025-05-16 14:34:26,095", "levelname": "INFO", "name": "uvicorn.error", "message": "Application shutdown complete."}
{"asctime": "2025-05-16 14:34:26,095", "levelname": "INFO", "name": "uvicorn.error", "message": "Finished server process [56980]", "color_message": "Finished server process [\u001b[36m%d\u001b[0m]"}
{"asctime": "2025-05-16 14:34:26,549", "levelname": "INFO", "name": "uvicorn.error", "message": "Started server process [57304]", "color_message": "Started server process [\u001b[36m%d\u001b[0m]"}
{"asctime": "2025-05-16 14:34:26,549", "levelname": "INFO", "name": "uvicorn.error", "message": "Waiting for application startup."}
{"asctime": "2025-05-16 14:34:26,663", "levelname": "INFO", "name": "uvicorn.error", "message": "Application startup complete."}
{"asctime": "2025-05-16 14:34:38,193", "levelname": "INFO", "name": "uvicorn.error", "message": "Shutting down"}
{"asctime": "2025-05-16 14:34:38,293", "levelname": "INFO", "name": "uvicorn.error", "message": "Waiting for application shutdown."}
{"asctime": "2025-05-16 14:34:38,295", "levelname": "INFO", "name": "uvicorn.error", "message": "Application shutdown complete."}
{"asctime": "2025-05-16 14:34:38,295", "levelname": "INFO", "name": "uvicorn.error", "message": "Finished server process [57304]", "color_message": "Finished server process [\u001b[36m%d\u001b[0m]"}
{"asctime": "2025-05-16 14:34:38,753", "levelname": "INFO", "name": "uvicorn.error", "message": "Started server process [57467]", "color_message": "Started server process [\u001b[36m%d\u001b[0m]"}
{"asctime": "2025-05-16 14:34:38,754", "levelname": "INFO", "name": "uvicorn.error", "message": "Waiting for application startup."}
{"asctime": "2025-05-16 14:34:38,857", "levelname": "INFO", "name": "uvicorn.error", "message": "Application startup complete."}
{"asctime": "2025-05-16 14:43:53,556", "levelname": "INFO", "name": "uvicorn.error", "message": "Shutting down"}
{"asctime": "2025-05-16 14:43:53,657", "levelname": "INFO", "name": "uvicorn.error", "message": "Waiting for application shutdown."}
{"asctime": "2025-05-16 14:43:53,658", "levelname": "INFO", "name": "uvicorn.error", "message": "Application shutdown complete."}
{"asctime": "2025-05-16 14:43:53,658", "levelname": "INFO", "name": "uvicorn.error", "message": "Finished server process [57467]", "color_message": "Finished server process [\u001b[36m%d\u001b[0m]"}
{"asctime": "2025-05-16 14:43:55,043", "levelname": "INFO", "name": "uvicorn.error", "message": "Started server process [61438]", "color_message": "Started server process [\u001b[36m%d\u001b[0m]"}
{"asctime": "2025-05-16 14:43:55,043", "levelname": "INFO", "name": "uvicorn.error", "message": "Waiting for application startup."}
{"asctime": "2025-05-16 14:43:55,144", "levelname": "INFO", "name": "uvicorn.error", "message": "Application startup complete."}
{"asctime": "2025-05-16 14:44:20,538", "levelname": "INFO", "name": "uvicorn.error", "message": "Shutting down"}
{"asctime": "2025-05-16 14:44:20,639", "levelname": "INFO", "name": "uvicorn.error", "message": "Waiting for application shutdown."}
{"asctime": "2025-05-16 14:44:20,640", "levelname": "INFO", "name": "uvicorn.error", "message": "Application shutdown complete."}
{"asctime": "2025-05-16 14:44:20,640", "levelname": "INFO", "name": "uvicorn.error", "message": "Finished server process [61438]", "color_message": "Finished server process [\u001b[36m%d\u001b[0m]"}
{"asctime": "2025-05-16 14:44:21,048", "levelname": "INFO", "name": "uvicorn.error", "message": "Started server process [61753]", "color_message": "Started server process [\u001b[36m%d\u001b[0m]"}
{"asctime": "2025-05-16 14:44:21,049", "levelname": "INFO", "name": "uvicorn.error", "message": "Waiting for application startup."}
{"asctime": "2025-05-16 14:44:21,182", "levelname": "INFO", "name": "uvicorn.error", "message": "Application startup complete."}
{"asctime": "2025-05-16 14:44:22,092", "levelname": "INFO", "name": "uvicorn.error", "message": "Shutting down"}
{"asctime": "2025-05-16 14:44:22,192", "levelname": "INFO", "name": "uvicorn.error", "message": "Waiting for application shutdown."}
{"asctime": "2025-05-16 14:44:22,194", "levelname": "INFO", "name": "uvicorn.error", "message": "Application shutdown complete."}
{"asctime": "2025-05-16 14:44:22,194", "levelname": "INFO", "name": "uvicorn.error", "message": "Finished server process [61753]", "color_message": "Finished server process [\u001b[36m%d\u001b[0m]"}
{"asctime": "2025-05-16 14:44:23,244", "levelname": "INFO", "name": "uvicorn.error", "message": "Started server process [61844]", "color_message": "Started server process [\u001b[36m%d\u001b[0m]"}
{"asctime": "2025-05-16 14:44:23,245", "levelname": "INFO", "name": "uvicorn.error", "message": "Waiting for application startup."}
{"asctime": "2025-05-16 14:44:23,352", "levelname": "INFO", "name": "uvicorn.error", "message": "Application startup complete."}
{"asctime": "2025-05-16 14:44:26,394", "levelname": "INFO", "name": "uvicorn.error", "message": "Shutting down"}
{"asctime": "2025-05-16 14:44:26,495", "levelname": "INFO", "name": "uvicorn.error", "message": "Waiting for application shutdown."}
{"asctime": "2025-05-16 14:44:26,496", "levelname": "INFO", "name": "uvicorn.error", "message": "Application shutdown complete."}
{"asctime": "2025-05-16 14:44:26,496", "levelname": "INFO", "name": "uvicorn.error", "message": "Finished server process [61844]", "color_message": "Finished server process [\u001b[36m%d\u001b[0m]"}
{"asctime": "2025-05-16 14:44:27,440", "levelname": "INFO", "name": "uvicorn.error", "message": "Started server process [61899]", "color_message": "Started server process [\u001b[36m%d\u001b[0m]"}
{"asctime": "2025-05-16 14:44:27,440", "levelname": "INFO", "name": "uvicorn.error", "message": "Waiting for application startup."}
{"asctime": "2025-05-16 14:44:27,553", "levelname": "INFO", "name": "uvicorn.error", "message": "Application startup complete."}
{"asctime": "2025-05-16 14:46:46,492", "levelname": "INFO", "name": "uvicorn.error", "message": "Shutting down"}
{"asctime": "2025-05-16 14:46:46,594", "levelname": "INFO", "name": "uvicorn.error", "message": "Waiting for application shutdown."}
{"asctime": "2025-05-16 14:46:46,595", "levelname": "INFO", "name": "uvicorn.error", "message": "Application shutdown complete."}
{"asctime": "2025-05-16 14:46:46,595", "levelname": "INFO", "name": "uvicorn.error", "message": "Finished server process [61899]", "color_message": "Finished server process [\u001b[36m%d\u001b[0m]"}
{"asctime": "2025-05-16 14:47:11,832", "levelname": "INFO", "name": "uvicorn.error", "message": "Started server process [63245]", "color_message": "Started server process [\u001b[36m%d\u001b[0m]"}
{"asctime": "2025-05-16 14:47:11,832", "levelname": "INFO", "name": "uvicorn.error", "message": "Waiting for application startup."}
{"asctime": "2025-05-16 14:47:11,949", "levelname": "INFO", "name": "uvicorn.error", "message": "Application startup complete."}
{"asctime": "2025-05-16 14:47:25,043", "levelname": "INFO", "name": "uvicorn.error", "message": "Shutting down"}
{"asctime": "2025-05-16 14:47:25,144", "levelname": "INFO", "name": "uvicorn.error", "message": "Waiting for application shutdown."}
{"asctime": "2025-05-16 14:47:25,145", "levelname": "INFO", "name": "uvicorn.error", "message": "Application shutdown complete."}
{"asctime": "2025-05-16 14:47:25,145", "levelname": "INFO", "name": "uvicorn.error", "message": "Finished server process [63245]", "color_message": "Finished server process [\u001b[36m%d\u001b[0m]"}
{"asctime": "2025-05-16 14:47:25,503", "levelname": "INFO", "name": "uvicorn.error", "message": "Started server process [63467]", "color_message": "Started server process [\u001b[36m%d\u001b[0m]"}
{"asctime": "2025-05-16 14:47:25,504", "levelname": "INFO", "name": "uvicorn.error", "message": "Waiting for application startup."}
{"asctime": "2025-05-16 14:47:25,614", "levelname": "INFO", "name": "uvicorn.error", "message": "Application startup complete."}
{"asctime": "2025-05-16 14:47:34,206", "levelname": "INFO", "name": "uvicorn.error", "message": "Shutting down"}
{"asctime": "2025-05-16 14:47:34,306", "levelname": "INFO", "name": "uvicorn.error", "message": "Waiting for application shutdown."}
{"asctime": "2025-05-16 14:47:34,307", "levelname": "INFO", "name": "uvicorn.error", "message": "Application shutdown complete."}
{"asctime": "2025-05-16 14:47:34,308", "levelname": "INFO", "name": "uvicorn.error", "message": "Finished server process [63467]", "color_message": "Finished server process [\u001b[36m%d\u001b[0m]"}
{"asctime": "2025-05-16 14:47:34,689", "levelname": "INFO", "name": "uvicorn.error", "message": "Started server process [63624]", "color_message": "Started server process [\u001b[36m%d\u001b[0m]"}
{"asctime": "2025-05-16 14:47:34,689", "levelname": "INFO", "name": "uvicorn.error", "message": "Waiting for application startup."}
{"asctime": "2025-05-16 14:47:34,791", "levelname": "INFO", "name": "uvicorn.error", "message": "Application startup complete."}
{"asctime": "2025-05-19 14:18:01,618", "levelname": "INFO", "name": "uvicorn.error", "message": "Started server process [61820]", "color_message": "Started server process [\u001b[36m%d\u001b[0m]"}
{"asctime": "2025-05-19 14:18:01,618", "levelname": "INFO", "name": "uvicorn.error", "message": "Waiting for application startup."}
{"asctime": "2025-05-19 14:18:01,810", "levelname": "INFO", "name": "uvicorn.error", "message": "Application startup complete."}
{"asctime": "2025-05-19 16:05:51,245", "levelname": "INFO", "name": "uvicorn.error", "message": "Shutting down"}
{"asctime": "2025-05-19 16:05:51,346", "levelname": "INFO", "name": "uvicorn.error", "message": "Waiting for application shutdown."}
{"asctime": "2025-05-19 16:05:51,346", "levelname": "INFO", "name": "uvicorn.error", "message": "Application shutdown complete."}
{"asctime": "2025-05-19 16:05:51,346", "levelname": "INFO", "name": "uvicorn.error", "message": "Finished server process [61820]", "color_message": "Finished server process [\u001b[36m%d\u001b[0m]"}
{"asctime": "2025-05-19 16:05:51,699", "levelname": "INFO", "name": "uvicorn.error", "message": "Started server process [23378]", "color_message": "Started server process [\u001b[36m%d\u001b[0m]"}
{"asctime": "2025-05-19 16:05:51,700", "levelname": "INFO", "name": "uvicorn.error", "message": "Waiting for application startup."}
{"asctime": "2025-05-19 16:05:51,796", "levelname": "INFO", "name": "uvicorn.error", "message": "Application startup complete."}
{"asctime": "2025-05-19 16:05:55,209", "levelname": "INFO", "name": "uvicorn.error", "message": "Shutting down"}
{"asctime": "2025-05-19 16:05:55,310", "levelname": "INFO", "name": "uvicorn.error", "message": "Waiting for application shutdown."}
{"asctime": "2025-05-19 16:05:55,311", "levelname": "INFO", "name": "uvicorn.error", "message": "Application shutdown complete."}
{"asctime": "2025-05-19 16:05:55,311", "levelname": "INFO", "name": "uvicorn.error", "message": "Finished server process [23378]", "color_message": "Finished server process [\u001b[36m%d\u001b[0m]"}
{"asctime": "2025-05-19 16:05:55,665", "levelname": "INFO", "name": "uvicorn.error", "message": "Started server process [23449]", "color_message": "Started server process [\u001b[36m%d\u001b[0m]"}
{"asctime": "2025-05-19 16:05:55,665", "levelname": "INFO", "name": "uvicorn.error", "message": "Waiting for application startup."}
{"asctime": "2025-05-19 16:05:55,767", "levelname": "INFO", "name": "uvicorn.error", "message": "Application startup complete."}
{"asctime": "2025-05-19 16:05:58,085", "levelname": "INFO", "name": "uvicorn.error", "message": "Shutting down"}
{"asctime": "2025-05-19 16:05:58,186", "levelname": "INFO", "name": "uvicorn.error", "message": "Waiting for application shutdown."}
{"asctime": "2025-05-19 16:05:58,187", "levelname": "INFO", "name": "uvicorn.error", "message": "Application shutdown complete."}
{"asctime": "2025-05-19 16:05:58,187", "levelname": "INFO", "name": "uvicorn.error", "message": "Finished server process [23449]", "color_message": "Finished server process [\u001b[36m%d\u001b[0m]"}
{"asctime": "2025-05-19 16:05:58,528", "levelname": "INFO", "name": "uvicorn.error", "message": "Started server process [23513]", "color_message": "Started server process [\u001b[36m%d\u001b[0m]"}
{"asctime": "2025-05-19 16:05:58,528", "levelname": "INFO", "name": "uvicorn.error", "message": "Waiting for application startup."}
{"asctime": "2025-05-19 16:05:58,642", "levelname": "INFO", "name": "uvicorn.error", "message": "Application startup complete."}
